<?xml version="1.0" encoding="UTF-8"?>
<testng-results ignored="0" total="2" passed="2" failed="0" skipped="0">
  <reporter-output>
    <line>
      <![CDATA[Chrome Driver launch Susccessfully]]>
    </line>
    <line>
      <![CDATA[Browser window is maximized succefully]]>
    </line>
    <line>
      <![CDATA[Chrome Driver launch Susccessfully]]>
    </line>
    <line>
      <![CDATA[Browser window is maximized succefully]]>
    </line>
  </reporter-output>
  <suite started-at="2024-09-03T16:44:54 IST" name="Suite1" finished-at="2024-09-03T16:45:53 IST" duration-ms="59268">
    <groups>
    </groups>
    <test started-at="2024-09-03T16:44:54 IST" name="Test" finished-at="2024-09-03T16:45:53 IST" duration-ms="59268">
      <class name="test_scripts.GuestUser">
        <test-method is-config="true" signature="openApplication(java.lang.String)[pri:0, instance:test_scripts.GuestUser@707194ba]" started-at="2024-09-03T16:45:03 IST" name="openApplication" finished-at="2024-09-03T16:45:19 IST" duration-ms="16457" status="PASS">
          <params>
            <param index="0">
              <value>
                <![CDATA[chrome]]>
              </value>
            </param>
          </params>
          <reporter-output>
            <line>
              <![CDATA[Chrome Driver launch Susccessfully]]>
            </line>
            <line>
              <![CDATA[Browser window is maximized succefully]]>
            </line>
          </reporter-output>
        </test-method> <!-- openApplication -->
        <test-method signature="guestUser()[pri:0, instance:test_scripts.GuestUser@707194ba]" started-at="2024-09-03T16:45:19 IST" name="guestUser" finished-at="2024-09-03T16:45:47 IST" duration-ms="27947" status="PASS">
          <reporter-output>
          </reporter-output>
        </test-method> <!-- guestUser -->
        <test-method is-config="true" signature="closeAPp()[pri:0, instance:test_scripts.GuestUser@707194ba]" started-at="2024-09-03T16:45:47 IST" name="closeAPp" finished-at="2024-09-03T16:45:53 IST" duration-ms="5865" status="PASS">
          <reporter-output>
          </reporter-output>
        </test-method> <!-- closeAPp -->
      </class> <!-- test_scripts.GuestUser -->
      <class name="TestNGPractice">
        <test-method signature="sample()[pri:0, instance:TestNGPractice@7bedc48a]" started-at="2024-09-03T16:44:54 IST" name="sample" finished-at="2024-09-03T16:45:03 IST" duration-ms="8891" status="PASS">
          <reporter-output>
            <line>
              <![CDATA[Chrome Driver launch Susccessfully]]>
            </line>
            <line>
              <![CDATA[Browser window is maximized succefully]]>
            </line>
          </reporter-output>
        </test-method> <!-- sample -->
      </class> <!-- TestNGPractice -->
    </test> <!-- Test -->
  </suite> <!-- Suite1 -->
</testng-results>
